Arguments: 
  /Users/gabriel.acosta/.nvm/versions/node/v6.9.4/bin/node /Users/gabriel.acosta/.nvm/versions/node/v6.9.4/bin/yarn dev

PATH: 
  /Library/Frameworks/Python.framework/Versions/2.7/bin:/Users/gabriel.acosta/Downloads/google-cloud-sdk/bin:/Users/gabriel.acosta/.nvm/versions/node/v6.9.4/bin:/usr/local/bin:/usr/bin:/bin:/usr/sbin:/sbin:/Library/Frameworks/Mono.framework/Versions/Current/Commands

Yarn version: 
  1.0.1

Node version: 
  6.9.4

Platform: 
  darwin x64

npm manifest: 
  {
    "name": "js_interview_exercises",
    "version": "1.0.0",
    "main": "index.js",
    "repository": "git@git.unosquare.com:js_interviews/js_interview_exercises.git",
    "license": "MIT",
    "scripts": {
      "dev": "concurrently  \"yarn run dev:client\" \"yarn run dev:server\"",
      "dev:client": "node_modules/.bin/webpack-dev-server --config client/webpack.config.js --progress --colors",
      "dev:server": "nodemon server/index.js --ignore ./client/"
    },
    "devDependencies": {
      "concurrently": "^3.5.0",
      "nodemon": "^1.12.1",
      "webpack": "^3.7.1",
      "webpack-dev-server": "^2.9.1",
      "babel-core": "^6.26.0",
      "babel-loader": "^7.1.2",
      "babel-preset-es2015": "^6.24.1",
      "babel-preset-react": "^6.24.1",
  
    },
    "dependencies": {
      "express": "^4.16.2",
      "react": "^16.0.0",
      "react-dom": "^16.0.0"
    }
  }

yarn manifest: 
  No manifest

Lockfile: 
  No lockfile

Trace: 
  SyntaxError: /Users/gabriel.acosta/js_interview_exercises/package.json: Unexpected token } in JSON at position 732
      at Object.parse (native)
      at /Users/gabriel.acosta/.nvm/versions/node/v6.9.4/lib/node_modules/yarn/lib/cli.js:797:57
      at next (native)
      at step (/Users/gabriel.acosta/.nvm/versions/node/v6.9.4/lib/node_modules/yarn/lib/cli.js:92:30)
      at /Users/gabriel.acosta/.nvm/versions/node/v6.9.4/lib/node_modules/yarn/lib/cli.js:103:13
